000 (263628398.000.000) 08/23 05:29:38 Job submitted from host: <172.16.223.61:46079?addrs=172.16.223.61-46079>
...
001 (263628398.000.000) 08/23 05:30:47 Job executing on host: <10.128.10.213:41547?addrs=10.128.10.213-41547>
...
006 (263628398.000.000) 08/23 05:30:56 Image size of job updated: 220736
	191  -  MemoryUsage of job (MB)
	194716  -  ResidentSetSize of job (KB)
...
006 (263628398.000.000) 08/23 05:35:57 Image size of job updated: 610460
	548  -  MemoryUsage of job (MB)
	560652  -  ResidentSetSize of job (KB)
...
006 (263628398.000.000) 08/23 05:40:57 Image size of job updated: 837604
	771  -  MemoryUsage of job (MB)
	789020  -  ResidentSetSize of job (KB)
...
006 (263628398.000.000) 08/23 05:45:57 Image size of job updated: 849604
	783  -  MemoryUsage of job (MB)
	800920  -  ResidentSetSize of job (KB)
...
006 (263628398.000.000) 08/23 05:50:58 Image size of job updated: 1039980
	969  -  MemoryUsage of job (MB)
	991356  -  ResidentSetSize of job (KB)
...
006 (263628398.000.000) 08/23 05:55:59 Image size of job updated: 1117552
	1044  -  MemoryUsage of job (MB)
	1068572  -  ResidentSetSize of job (KB)
...
006 (263628398.000.000) 08/23 06:00:59 Image size of job updated: 1117580
	1044  -  MemoryUsage of job (MB)
	1068572  -  ResidentSetSize of job (KB)
...
006 (263628398.000.000) 08/23 06:11:01 Image size of job updated: 1117876
	1044  -  MemoryUsage of job (MB)
	1068916  -  ResidentSetSize of job (KB)
...
006 (263628398.000.000) 08/23 06:16:01 Image size of job updated: 1117892
	1044  -  MemoryUsage of job (MB)
	1068916  -  ResidentSetSize of job (KB)
...
006 (263628398.000.000) 08/23 07:01:05 Image size of job updated: 1117892
	1045  -  MemoryUsage of job (MB)
	1069068  -  ResidentSetSize of job (KB)
...
006 (263628398.000.000) 08/23 10:56:29 Image size of job updated: 4791616
	4640  -  MemoryUsage of job (MB)
	4750968  -  ResidentSetSize of job (KB)
...
005 (263628398.000.000) 08/23 10:58:34 Job terminated.
	(1) Normal termination (return value 0)
		Usr 0 04:34:30, Sys 0 00:57:19  -  Run Remote Usage
		Usr 0 00:00:00, Sys 0 00:00:00  -  Run Local Usage
		Usr 0 04:34:30, Sys 0 00:57:19  -  Total Remote Usage
		Usr 0 00:00:00, Sys 0 00:00:00  -  Total Local Usage
	0  -  Run Bytes Sent By Job
	0  -  Run Bytes Received By Job
	0  -  Total Bytes Sent By Job
	0  -  Total Bytes Received By Job
	Partitionable Resources :    Usage  Request Allocated
	   Admin_mutex_1         :                           1
	   Admin_mutex_2         :                           1
	   Admin_mutex_3         :                           1
	   Cpus                  :                 1         1
	   Disk (KB)             :       20  1000000   8060938
	   Gpus                  :                 1         2
	   Machine_token         :                           1
	   Memory (MB)           :     4640    16384     16384
...
