000 (263994952.000.000) 08/26 17:37:05 Job submitted from host: <172.16.223.61:46079?addrs=172.16.223.61-46079>
...
001 (263994952.000.000) 08/26 22:26:51 Job executing on host: <10.128.10.108:39366?addrs=10.128.10.108-39366>
...
006 (263994952.000.000) 08/26 22:27:00 Image size of job updated: 88524
	73  -  MemoryUsage of job (MB)
	74528  -  ResidentSetSize of job (KB)
...
005 (263994952.000.000) 08/26 22:27:42 Job terminated.
	(1) Normal termination (return value 1)
		Usr 0 00:00:25, Sys 0 00:00:04  -  Run Remote Usage
		Usr 0 00:00:00, Sys 0 00:00:00  -  Run Local Usage
		Usr 0 00:00:25, Sys 0 00:00:04  -  Total Remote Usage
		Usr 0 00:00:00, Sys 0 00:00:00  -  Total Local Usage
	0  -  Run Bytes Sent By Job
	0  -  Run Bytes Received By Job
	0  -  Total Bytes Sent By Job
	0  -  Total Bytes Received By Job
	Partitionable Resources :    Usage  Request Allocated
	   Admin_mutex_1         :                           1
	   Admin_mutex_2         :                           1
	   Admin_mutex_3         :                           1
	   Cpus                  :                 1         1
	   Disk (KB)             :       20  1000000   8017331
	   Gpus                  :                 1         4
	   Machine_token         :                           1
	   Memory (MB)           :       73    16384     16384
...
