000 (263993487.000.000) 08/26 17:21:22 Job submitted from host: <172.16.223.61:46079?addrs=172.16.223.61-46079>
...
001 (263993487.000.000) 08/26 17:23:03 Job executing on host: <10.128.10.234:51545?addrs=10.128.10.234-51545>
...
006 (263993487.000.000) 08/26 17:23:11 Image size of job updated: 253952
	241  -  MemoryUsage of job (MB)
	246000  -  ResidentSetSize of job (KB)
...
006 (263993487.000.000) 08/26 17:28:11 Image size of job updated: 746712
	726  -  MemoryUsage of job (MB)
	743200  -  ResidentSetSize of job (KB)
...
006 (263993487.000.000) 08/26 17:33:11 Image size of job updated: 797876
	777  -  MemoryUsage of job (MB)
	795364  -  ResidentSetSize of job (KB)
...
006 (263993487.000.000) 08/26 17:38:12 Image size of job updated: 997020
	972  -  MemoryUsage of job (MB)
	994508  -  ResidentSetSize of job (KB)
...
006 (263993487.000.000) 08/26 17:43:13 Image size of job updated: 1044448
	1018  -  MemoryUsage of job (MB)
	1041936  -  ResidentSetSize of job (KB)
...
006 (263993487.000.000) 08/26 18:03:16 Image size of job updated: 1044792
	1018  -  MemoryUsage of job (MB)
	1042280  -  ResidentSetSize of job (KB)
...
006 (263993487.000.000) 08/26 23:58:55 Image size of job updated: 9063288
	8851  -  MemoryUsage of job (MB)
	9063224  -  ResidentSetSize of job (KB)
...
005 (263993487.000.000) 08/26 23:59:24 Job terminated.
	(1) Normal termination (return value 0)
		Usr 0 05:50:48, Sys 0 01:09:44  -  Run Remote Usage
		Usr 0 00:00:00, Sys 0 00:00:00  -  Run Local Usage
		Usr 0 05:50:48, Sys 0 01:09:44  -  Total Remote Usage
		Usr 0 00:00:00, Sys 0 00:00:00  -  Total Local Usage
	0  -  Run Bytes Sent By Job
	0  -  Run Bytes Received By Job
	0  -  Total Bytes Sent By Job
	0  -  Total Bytes Received By Job
	Partitionable Resources :    Usage  Request Allocated
	   Admin_mutex_1         :                           1
	   Admin_mutex_2         :                           1
	   Admin_mutex_3         :                           1
	   Cpus                  :                 1         1
	   Disk (KB)             :       20  1000000   7989036
	   Gpus                  :                 1         1
	   Machine_token         :                           1
	   Memory (MB)           :     8851    16384     16384
...
