000 (263938623.000.000) 08/25 19:51:39 Job submitted from host: <172.16.223.61:46079?addrs=172.16.223.61-46079>
...
001 (263938623.000.000) 08/25 20:00:34 Job executing on host: <10.128.10.219:59330?addrs=10.128.10.219-59330>
...
006 (263938623.000.000) 08/25 20:00:43 Image size of job updated: 50728
	40  -  MemoryUsage of job (MB)
	40884  -  ResidentSetSize of job (KB)
...
006 (263938623.000.000) 08/25 20:05:44 Image size of job updated: 416620
	361  -  MemoryUsage of job (MB)
	369328  -  ResidentSetSize of job (KB)
...
006 (263938623.000.000) 08/25 20:10:27 Image size of job updated: 468276
	361  -  MemoryUsage of job (MB)
	369328  -  ResidentSetSize of job (KB)
...
005 (263938623.000.000) 08/25 20:10:27 Job terminated.
	(1) Normal termination (return value 1)
		Usr 0 00:07:36, Sys 0 00:00:56  -  Run Remote Usage
		Usr 0 00:00:00, Sys 0 00:00:00  -  Run Local Usage
		Usr 0 00:07:36, Sys 0 00:00:56  -  Total Remote Usage
		Usr 0 00:00:00, Sys 0 00:00:00  -  Total Local Usage
	0  -  Run Bytes Sent By Job
	0  -  Run Bytes Received By Job
	0  -  Total Bytes Sent By Job
	0  -  Total Bytes Received By Job
	Partitionable Resources :    Usage  Request Allocated
	   Admin_mutex_1         :                           1
	   Admin_mutex_2         :                           1
	   Admin_mutex_3         :                           1
	   Cpus                  :                 1         1
	   Disk (KB)             :       20  1000000   8062014
	   Gpus                  :                 1         4
	   Machine_token         :                           1
	   Memory (MB)           :      361    16384     16384
...
