000 (264129649.000.000) 08/28 05:39:30 Job submitted from host: <172.16.223.61:46079?addrs=172.16.223.61-46079>
...
001 (264129649.000.000) 08/28 05:40:35 Job executing on host: <10.128.10.233:46620?addrs=10.128.10.233-46620>
...
006 (264129649.000.000) 08/28 05:40:44 Image size of job updated: 156716
	135  -  MemoryUsage of job (MB)
	137404  -  ResidentSetSize of job (KB)
...
006 (264129649.000.000) 08/28 05:45:45 Image size of job updated: 662544
	602  -  MemoryUsage of job (MB)
	615572  -  ResidentSetSize of job (KB)
...
006 (264129649.000.000) 08/28 05:50:45 Image size of job updated: 713180
	651  -  MemoryUsage of job (MB)
	665828  -  ResidentSetSize of job (KB)
...
006 (264129649.000.000) 08/28 05:55:45 Image size of job updated: 713404
	651  -  MemoryUsage of job (MB)
	666052  -  ResidentSetSize of job (KB)
...
006 (264129649.000.000) 08/28 06:20:48 Image size of job updated: 731940
	669  -  MemoryUsage of job (MB)
	684588  -  ResidentSetSize of job (KB)
...
006 (264129649.000.000) 08/28 10:07:42 Image size of job updated: 4835932
	669  -  MemoryUsage of job (MB)
	684588  -  ResidentSetSize of job (KB)
...
005 (264129649.000.000) 08/28 10:07:42 Job terminated.
	(1) Normal termination (return value 0)
		Usr 0 03:54:44, Sys 0 00:41:34  -  Run Remote Usage
		Usr 0 00:00:00, Sys 0 00:00:00  -  Run Local Usage
		Usr 0 03:54:44, Sys 0 00:41:34  -  Total Remote Usage
		Usr 0 00:00:00, Sys 0 00:00:00  -  Total Local Usage
	0  -  Run Bytes Sent By Job
	0  -  Run Bytes Received By Job
	0  -  Total Bytes Sent By Job
	0  -  Total Bytes Received By Job
	Partitionable Resources :    Usage  Request Allocated
	   Admin_mutex_1         :                           1
	   Admin_mutex_2         :                           1
	   Admin_mutex_3         :                           1
	   Cpus                  :                 1         1
	   Disk (KB)             :       20  1000000   8085944
	   Gpus                  :                 1         3
	   Machine_token         :                           1
	   Memory (MB)           :      669    16384     16384
...
