Error allocating 322560000 bytes of device memory (out of memory). Driver report 256835584 bytes free and 2095775744 bytes total 
Traceback (most recent call last):
  File "/mnt/lfs3/user/jkager/NN_Reco/johannes/updownclassification_3/condor_submit/../updown_network.py", line 320, in <module>
    max_q_size=int(parser.get('Training_Parameters', 'max_queue_size'))
  File "/home/jkager/.local/lib/python2.7/site-packages/keras/legacy/interfaces.py", line 88, in wrapper
    return func(*args, **kwargs)
  File "/home/jkager/.local/lib/python2.7/site-packages/keras/models.py", line 1124, in fit_generator
    initial_epoch=initial_epoch)
  File "/home/jkager/.local/lib/python2.7/site-packages/keras/legacy/interfaces.py", line 88, in wrapper
    return func(*args, **kwargs)
  File "/home/jkager/.local/lib/python2.7/site-packages/keras/engine/training.py", line 1902, in fit_generator
    class_weight=class_weight)
  File "/home/jkager/.local/lib/python2.7/site-packages/keras/engine/training.py", line 1642, in train_on_batch
    outputs = self.train_function(ins)
  File "/home/jkager/.local/lib/python2.7/site-packages/keras/backend/theano_backend.py", line 1196, in __call__
    return self.function(*inputs)
  File "/home/jkager/.local/lib/python2.7/site-packages/theano/compile/function_module.py", line 898, in __call__
    storage_map=getattr(self.fn, 'storage_map', None))
  File "/home/jkager/.local/lib/python2.7/site-packages/theano/gof/link.py", line 325, in raise_with_op
    reraise(exc_type, exc_value, exc_trace)
  File "/home/jkager/.local/lib/python2.7/site-packages/theano/compile/function_module.py", line 884, in __call__
    self.fn() if output_subset is None else\
MemoryError: Error allocating 322560000 bytes of device memory (out of memory).
Apply node that caused the error: GPU_mrg_uniform{CudaNdarrayType(float32, matrix),inplace}(<CudaNdarrayType(float32, vector)>, MakeVector{dtype='int64'}.0)
Toposort index: 109
Inputs types: [CudaNdarrayType(float32, vector), TensorType(int64, vector)]
Inputs shapes: [(92160,), (2,)]
Inputs strides: [(1,), (8,)]
Inputs values: ['not shown', array([ 1000, 80640])]
Outputs clients: [['output'], [GpuElemwise{Composite{Cast{float32}(LT(i0, i1))}}[(0, 0)](GPU_mrg_uniform{CudaNdarrayType(float32, matrix),inplace}.1, CudaNdarrayConstant{[[ 0.60000002]]})]]

HINT: Re-running with most Theano optimization disabled could give you a back-trace of when this node was created. This can be done with by setting the Theano flag 'optimizer=fast_compile'. If that does not work, Theano optimizations can be disabled with 'optimizer=None'.
HINT: Use the Theano flag 'exception_verbosity=high' for a debugprint and storage map footprint of this apply node.
