000 (263488014.000.000) 08/22 11:23:44 Job submitted from host: <172.16.223.61:46079?addrs=172.16.223.61-46079>
...
001 (263488014.000.000) 08/22 11:52:07 Job executing on host: <10.128.10.221:56581?addrs=10.128.10.221-56581>
...
006 (263488014.000.000) 08/22 11:52:15 Image size of job updated: 143464
	128  -  MemoryUsage of job (MB)
	130284  -  ResidentSetSize of job (KB)
...
006 (263488014.000.000) 08/22 11:53:22 Image size of job updated: 374296
	128  -  MemoryUsage of job (MB)
	130284  -  ResidentSetSize of job (KB)
...
005 (263488014.000.000) 08/22 11:53:22 Job terminated.
	(1) Normal termination (return value 1)
		Usr 0 00:00:43, Sys 0 00:00:08  -  Run Remote Usage
		Usr 0 00:00:00, Sys 0 00:00:00  -  Run Local Usage
		Usr 0 00:00:43, Sys 0 00:00:08  -  Total Remote Usage
		Usr 0 00:00:00, Sys 0 00:00:00  -  Total Local Usage
	0  -  Run Bytes Sent By Job
	0  -  Run Bytes Received By Job
	0  -  Total Bytes Sent By Job
	0  -  Total Bytes Received By Job
	Partitionable Resources :    Usage  Request Allocated
	   Admin_mutex_1         :                           1
	   Admin_mutex_2         :                           1
	   Admin_mutex_3         :                           1
	   Cpus                  :                 1         1
	   Disk (KB)             :       20  1000000   8096302
	   Gpus                  :                 1         2
	   Machine_token         :                           1
	   Memory (MB)           :      128    16384     16384
...
