000 (264129814.000.000) 08/28 05:43:00 Job submitted from host: <172.16.223.61:46079?addrs=172.16.223.61-46079>
...
001 (264129814.000.000) 08/28 05:49:35 Job executing on host: <10.128.10.166:51076?addrs=10.128.10.166-51076>
...
006 (264129814.000.000) 08/28 05:49:44 Image size of job updated: 240700
	212  -  MemoryUsage of job (MB)
	216872  -  ResidentSetSize of job (KB)
...
006 (264129814.000.000) 08/28 05:54:45 Image size of job updated: 647336
	588  -  MemoryUsage of job (MB)
	601504  -  ResidentSetSize of job (KB)
...
006 (264129814.000.000) 08/28 05:59:45 Image size of job updated: 666332
	606  -  MemoryUsage of job (MB)
	620168  -  ResidentSetSize of job (KB)
...
006 (264129814.000.000) 08/28 06:04:45 Image size of job updated: 749012
	687  -  MemoryUsage of job (MB)
	702808  -  ResidentSetSize of job (KB)
...
006 (264129814.000.000) 08/28 06:09:46 Image size of job updated: 749280
	687  -  MemoryUsage of job (MB)
	702808  -  ResidentSetSize of job (KB)
...
006 (264129814.000.000) 08/28 06:19:48 Image size of job updated: 749288
	687  -  MemoryUsage of job (MB)
	702992  -  ResidentSetSize of job (KB)
...
006 (264129814.000.000) 08/28 07:24:54 Image size of job updated: 765256
	702  -  MemoryUsage of job (MB)
	718716  -  ResidentSetSize of job (KB)
...
006 (264129814.000.000) 08/28 07:44:56 Image size of job updated: 765256
	702  -  MemoryUsage of job (MB)
	718740  -  ResidentSetSize of job (KB)
...
006 (264129814.000.000) 08/28 07:59:57 Image size of job updated: 765256
	702  -  MemoryUsage of job (MB)
	718744  -  ResidentSetSize of job (KB)
...
006 (264129814.000.000) 08/28 10:15:11 Image size of job updated: 8806476
	8556  -  MemoryUsage of job (MB)
	8760452  -  ResidentSetSize of job (KB)
...
005 (264129814.000.000) 08/28 10:17:17 Job terminated.
	(1) Normal termination (return value 0)
		Usr 0 03:57:52, Sys 0 00:45:49  -  Run Remote Usage
		Usr 0 00:00:00, Sys 0 00:00:00  -  Run Local Usage
		Usr 0 03:57:52, Sys 0 00:45:49  -  Total Remote Usage
		Usr 0 00:00:00, Sys 0 00:00:00  -  Total Local Usage
	0  -  Run Bytes Sent By Job
	0  -  Run Bytes Received By Job
	0  -  Total Bytes Sent By Job
	0  -  Total Bytes Received By Job
	Partitionable Resources :    Usage  Request Allocated
	   Admin_mutex_1         :                           1
	   Admin_mutex_2         :                           1
	   Admin_mutex_3         :                           1
	   Cpus                  :                 1         1
	   Disk (KB)             :       20  1000000   8074263
	   Gpus                  :                 1         4
	   Machine_token         :                           1
	   Memory (MB)           :     8556    16384     16384
...
