000 (263274094.000.000) 08/18 10:10:16 Job submitted from host: <172.16.223.61:46079?addrs=172.16.223.61-46079>
...
001 (263274094.000.000) 08/18 11:10:39 Job executing on host: <10.128.10.193:33882?addrs=10.128.10.193-33882>
...
006 (263274094.000.000) 08/18 11:10:47 Image size of job updated: 212048
	183  -  MemoryUsage of job (MB)
	187364  -  ResidentSetSize of job (KB)
...
006 (263274094.000.000) 08/18 11:12:15 Image size of job updated: 82507768
	183  -  MemoryUsage of job (MB)
	187364  -  ResidentSetSize of job (KB)
...
005 (263274094.000.000) 08/18 11:12:15 Job terminated.
	(1) Normal termination (return value 1)
		Usr 0 00:00:56, Sys 0 00:00:11  -  Run Remote Usage
		Usr 0 00:00:00, Sys 0 00:00:00  -  Run Local Usage
		Usr 0 00:00:56, Sys 0 00:00:11  -  Total Remote Usage
		Usr 0 00:00:00, Sys 0 00:00:00  -  Total Local Usage
	0  -  Run Bytes Sent By Job
	0  -  Run Bytes Received By Job
	0  -  Total Bytes Sent By Job
	0  -  Total Bytes Received By Job
	Partitionable Resources :    Usage  Request Allocated
	   Admin_mutex_1         :                           1
	   Admin_mutex_2         :                           1
	   Admin_mutex_3         :                           1
	   Cpus                  :                 1         1
	   Disk (KB)             :       20  1000000   8109600
	   Gpus                  :                 1         2
	   Machine_token         :                           1
	   Memory (MB)           :      183    16384     16384
...
