000 (263356998.000.000) 08/20 05:15:11 Job submitted from host: <172.16.223.61:46079?addrs=172.16.223.61-46079>
...
001 (263356998.000.000) 08/20 05:16:42 Job executing on host: <10.128.10.232:53418?addrs=10.128.10.232-53418>
...
006 (263356998.000.000) 08/20 05:16:51 Image size of job updated: 120988
	103  -  MemoryUsage of job (MB)
	104792  -  ResidentSetSize of job (KB)
...
006 (263356998.000.000) 08/20 05:21:52 Image size of job updated: 936360
	869  -  MemoryUsage of job (MB)
	889528  -  ResidentSetSize of job (KB)
...
006 (263356998.000.000) 08/20 05:26:53 Image size of job updated: 970904
	903  -  MemoryUsage of job (MB)
	923708  -  ResidentSetSize of job (KB)
...
006 (263356998.000.000) 08/20 05:36:54 Image size of job updated: 994380
	925  -  MemoryUsage of job (MB)
	947184  -  ResidentSetSize of job (KB)
...
006 (263356998.000.000) 08/20 05:46:56 Image size of job updated: 994420
	926  -  MemoryUsage of job (MB)
	947424  -  ResidentSetSize of job (KB)
...
006 (263356998.000.000) 08/20 05:51:57 Image size of job updated: 995012
	926  -  MemoryUsage of job (MB)
	947424  -  ResidentSetSize of job (KB)
...
006 (263356998.000.000) 08/20 06:15:10 Image size of job updated: 2954104
	926  -  MemoryUsage of job (MB)
	947424  -  ResidentSetSize of job (KB)
...
005 (263356998.000.000) 08/20 06:15:10 Job terminated.
	(1) Normal termination (return value 1)
		Usr 0 00:48:53, Sys 0 00:10:08  -  Run Remote Usage
		Usr 0 00:00:00, Sys 0 00:00:00  -  Run Local Usage
		Usr 0 00:48:53, Sys 0 00:10:08  -  Total Remote Usage
		Usr 0 00:00:00, Sys 0 00:00:00  -  Total Local Usage
	0  -  Run Bytes Sent By Job
	0  -  Run Bytes Received By Job
	0  -  Total Bytes Sent By Job
	0  -  Total Bytes Received By Job
	Partitionable Resources :    Usage  Request Allocated
	   Admin_mutex_1         :                           1
	   Admin_mutex_2         :                           1
	   Admin_mutex_3         :                           1
	   Cpus                  :                 1         1
	   Disk (KB)             :       20  1000000   8097156
	   Gpus                  :                 1         1
	   Machine_token         :                           1
	   Memory (MB)           :      926    16384     16384
...
