000 (263993397.000.000) 08/26 17:20:20 Job submitted from host: <172.16.223.61:46079?addrs=172.16.223.61-46079>
...
001 (263993397.000.000) 08/26 17:21:38 Job executing on host: <10.128.10.234:51545?addrs=10.128.10.234-51545>
...
006 (263993397.000.000) 08/26 17:21:46 Image size of job updated: 221152
	210  -  MemoryUsage of job (MB)
	214936  -  ResidentSetSize of job (KB)
...
005 (263993397.000.000) 08/26 17:23:01 Job terminated.
	(1) Normal termination (return value 1)
		Usr 0 00:00:55, Sys 0 00:00:09  -  Run Remote Usage
		Usr 0 00:00:00, Sys 0 00:00:00  -  Run Local Usage
		Usr 0 00:00:55, Sys 0 00:00:09  -  Total Remote Usage
		Usr 0 00:00:00, Sys 0 00:00:00  -  Total Local Usage
	0  -  Run Bytes Sent By Job
	0  -  Run Bytes Received By Job
	0  -  Total Bytes Sent By Job
	0  -  Total Bytes Received By Job
	Partitionable Resources :    Usage  Request Allocated
	   Admin_mutex_1         :                           1
	   Admin_mutex_2         :                           1
	   Admin_mutex_3         :                           1
	   Cpus                  :                 1         1
	   Disk (KB)             :       20  1000000   7989036
	   Gpus                  :                 1         1
	   Machine_token         :                           1
	   Memory (MB)           :      210    16384     16384
...
