000 (263800876.000.000) 08/24 17:09:24 Job submitted from host: <172.16.223.61:46079?addrs=172.16.223.61-46079>
...
001 (263800876.000.000) 08/24 17:12:01 Job executing on host: <10.128.10.107:42820?addrs=10.128.10.107-42820>
...
006 (263800876.000.000) 08/24 17:12:09 Image size of job updated: 206160
	194  -  MemoryUsage of job (MB)
	198500  -  ResidentSetSize of job (KB)
...
006 (263800876.000.000) 08/24 17:17:09 Image size of job updated: 777936
	749  -  MemoryUsage of job (MB)
	766164  -  ResidentSetSize of job (KB)
...
006 (263800876.000.000) 08/24 17:22:09 Image size of job updated: 796768
	767  -  MemoryUsage of job (MB)
	784992  -  ResidentSetSize of job (KB)
...
006 (263800876.000.000) 08/24 17:27:10 Image size of job updated: 1031312
	996  -  MemoryUsage of job (MB)
	1019204  -  ResidentSetSize of job (KB)
...
006 (263800876.000.000) 08/24 20:42:29 Image size of job updated: 9048196
	8827  -  MemoryUsage of job (MB)
	9038168  -  ResidentSetSize of job (KB)
...
006 (263800876.000.000) 08/24 20:43:44 Image size of job updated: 9052736
	8827  -  MemoryUsage of job (MB)
	9038168  -  ResidentSetSize of job (KB)
...
005 (263800876.000.000) 08/24 20:43:44 Job terminated.
	(1) Normal termination (return value 0)
		Usr 0 03:07:16, Sys 0 00:35:43  -  Run Remote Usage
		Usr 0 00:00:00, Sys 0 00:00:00  -  Run Local Usage
		Usr 0 03:07:16, Sys 0 00:35:43  -  Total Remote Usage
		Usr 0 00:00:00, Sys 0 00:00:00  -  Total Local Usage
	0  -  Run Bytes Sent By Job
	0  -  Run Bytes Received By Job
	0  -  Total Bytes Sent By Job
	0  -  Total Bytes Received By Job
	Partitionable Resources :    Usage  Request Allocated
	   Admin_mutex_1         :                           1
	   Admin_mutex_2         :                           1
	   Admin_mutex_3         :                           1
	   Cpus                  :                 1         1
	   Disk (KB)             :       20  1000000   8066419
	   Gpus                  :                 1         3
	   Machine_token         :                           1
	   Memory (MB)           :     8827    16384     16384
...
