000 (263924138.000.000) 08/25 18:22:52 Job submitted from host: <172.16.223.61:46079?addrs=172.16.223.61-46079>
...
001 (263924138.000.000) 08/25 18:57:34 Job executing on host: <10.128.10.162:39977?addrs=10.128.10.162-39977>
...
006 (263924138.000.000) 08/25 18:57:43 Image size of job updated: 48488
	40  -  MemoryUsage of job (MB)
	40160  -  ResidentSetSize of job (KB)
...
006 (263924138.000.000) 08/25 18:58:31 Image size of job updated: 81592528
	40  -  MemoryUsage of job (MB)
	40160  -  ResidentSetSize of job (KB)
...
005 (263924138.000.000) 08/25 18:58:31 Job terminated.
	(1) Normal termination (return value 1)
		Usr 0 00:00:26, Sys 0 00:00:05  -  Run Remote Usage
		Usr 0 00:00:00, Sys 0 00:00:00  -  Run Local Usage
		Usr 0 00:00:26, Sys 0 00:00:05  -  Total Remote Usage
		Usr 0 00:00:00, Sys 0 00:00:00  -  Total Local Usage
	0  -  Run Bytes Sent By Job
	0  -  Run Bytes Received By Job
	0  -  Total Bytes Sent By Job
	0  -  Total Bytes Received By Job
	Partitionable Resources :    Usage  Request Allocated
	   Admin_mutex_1         :                           1
	   Admin_mutex_2         :                           1
	   Admin_mutex_3         :                           1
	   Cpus                  :                 1         1
	   Disk (KB)             :       20  1000000   8095699
	   Gpus                  :                 1         2
	   Machine_token         :                           0
	   Memory (MB)           :       40    16384     16384
...
